Arguments: 
  C:\Program Files\nodejs\node.exe C:\Users\CGS\AppData\Roaming\npm\node_modules\yarn\bin\yarn.js init --y

PATH: 
  C:\Program Files (x86)\NVIDIA Corporation\PhysX\Common;C:\Program Files (x86)\Intel\Intel(R) Management Engine Components\iCLS\;C:\Program Files\Intel\Intel(R) Management Engine Components\iCLS\;C:\WINDOWS\system32;C:\WINDOWS;C:\WINDOWS\System32\Wbem;C:\WINDOWS\System32\WindowsPowerShell\v1.0\;C:\WINDOWS\System32\OpenSSH\;C:\Program Files (x86)\Intel\Intel(R) Management Engine Components\DAL;C:\Program Files\Intel\Intel(R) Management Engine Components\DAL;C:\Program Files (x86)\Intel\Intel(R) Management Engine Components\IPT;C:\Program Files\Intel\Intel(R) Management Engine Components\IPT;D:\Java\jdk1.8.0_181\bin;C:\Users\CGS\AppData\Roaming\npm;C:\Program Files\nodejs\;C:\Program Files\Git\cmd;C:\Program Files\Crucial\Crucial Storage Executive;C:\Ruby30-x64\bin;C:\Scoop\apps\android-sdk\current\tools\bin;C:\Scoop\apps\adopt8-hotspot\current\bin;C:\Scoop\apps\nodejs-lts\current\bin;C:\Scoop\apps\nodejs-lts\current;C:\Scoop\shims;D:\Scoop\apps\nodejs-lts\current\bin;D:\Scoop\apps\nodejs-lts\current;D:\Scoop\shims;C:\Users\CGS\AppData\Local\Programs\Python\Python39\Scripts\;C:\Users\CGS\AppData\Local\Programs\Python\Python39\;C:\Users\CGS\AppData\Local\Microsoft\WindowsApps;C:\Program Files\Bandizip\;C:\Users\CGS\AppData\Local\GitHubDesktop\bin;C:\Users\CGS\AppData\Local\Programs\Microsoft VS Code\bin;C:\Users\CGS\AppData\Roaming\npm;C:\Program Files\MySQL\MySQL Server 8.0\bin

Yarn version: 
  1.22.10

Node version: 
  12.18.3

Platform: 
  win32 x64

Trace: 
  Error: canceled
      at Interface.<anonymous> (C:\Users\CGS\AppData\Roaming\npm\node_modules\yarn\lib\cli.js:136216:13)
      at Interface.emit (events.js:315:20)
      at Interface._ttyWrite (readline.js:868:16)
      at ReadStream.onkeypress (readline.js:205:10)
      at ReadStream.emit (events.js:315:20)
      at emitKeys (internal/readline/utils.js:335:14)
      at emitKeys.next (<anonymous>)
      at ReadStream.onData (readline.js:1137:36)
      at ReadStream.emit (events.js:315:20)
      at addChunk (_stream_readable.js:295:12)

npm manifest: 
  {
      "name": "vanilla_to_react",
      "version": "1.0.0",
      "description": "",
      "main": "index.js",
      "scripts": {
          "test": "echo \"Error: no test specified\" && exit 1",
          "start": "node index.html"
      },
      "keywords": [],
      "author": "",
      "license": "ISC"
  }

yarn manifest: 
  No manifest

Lockfile: 
  No lockfile
